UID          PID    PPID  C STIME TTY      STAT   TIME CMD
root           2       0  0 Feb17 ?        S      0:00 [kthreadd]
root           3       2  0 Feb17 ?        S      0:00  \_ [pool_workqueue_release]
root           4       2  0 Feb17 ?        I<     0:00  \_ [kworker/R-rcu_gp]
root           5       2  0 Feb17 ?        I<     0:00  \_ [kworker/R-sync_wq]
root           6       2  0 Feb17 ?        I<     0:00  \_ [kworker/R-kvfree_rcu_reclaim]
root           7       2  0 Feb17 ?        I<     0:00  \_ [kworker/R-slub_flushwq]
root           8       2  0 Feb17 ?        I<     0:00  \_ [kworker/R-netns]
root          13       2  0 Feb17 ?        I<     0:00  \_ [kworker/R-mm_percpu_wq]
root          14       2  0 Feb17 ?        I      0:00  \_ [rcu_tasks_kthread]
root          15       2  0 Feb17 ?        I      0:00  \_ [rcu_tasks_rude_kthread]
root          16       2  0 Feb17 ?        I      0:00  \_ [rcu_tasks_trace_kthread]
root          17       2  0 Feb17 ?        S      3:36  \_ [ksoftirqd/0]
root          18       2  0 Feb17 ?        I      4:17  \_ [rcu_preempt]
root          19       2  0 Feb17 ?        S      0:00  \_ [rcu_exp_par_gp_kthread_worker/0]
root          20       2  0 Feb17 ?        S      0:00  \_ [rcu_exp_gp_kthread_worker]
root          21       2  0 Feb17 ?        S      0:05  \_ [migration/0]
root          22       2  0 Feb17 ?        S      0:00  \_ [idle_inject/0]
root          23       2  0 Feb17 ?        S      0:00  \_ [cpuhp/0]
root          24       2  0 Feb17 ?        S      0:00  \_ [kdevtmpfs]
root          25       2  0 Feb17 ?        I<     0:00  \_ [kworker/R-inet_frag_wq]
root          26       2  0 Feb17 ?        S      0:00  \_ [kauditd]
root          27       2  0 Feb17 ?        S      0:00  \_ [khungtaskd]
root          29       2  0 Feb17 ?        S      0:00  \_ [oom_reaper]
root          31       2  0 Feb17 ?        I<     0:00  \_ [kworker/R-writeback]
root          32       2  0 Feb17 ?        S      1:20  \_ [kcompactd0]
root          33       2  0 Feb17 ?        SN     0:00  \_ [ksmd]
root          34       2  0 Feb17 ?        SN     0:00  \_ [khugepaged]
root          35       2  0 Feb17 ?        I<     0:00  \_ [kworker/R-kintegrityd]
root          36       2  0 Feb17 ?        I<     0:00  \_ [kworker/R-kblockd]
root          37       2  0 Feb17 ?        I<     0:00  \_ [kworker/R-blkcg_punt_bio]
root          38       2  0 Feb17 ?        S      0:00  \_ [irq/9-acpi]
root          39       2  0 Feb17 ?        I<     0:00  \_ [kworker/R-tpm_dev_wq]
root          40       2  0 Feb17 ?        I<     0:00  \_ [kworker/R-ata_sff]
root          41       2  0 Feb17 ?        I<     0:00  \_ [kworker/R-md]
root          42       2  0 Feb17 ?        I<     0:00  \_ [kworker/R-md_bitmap]
root          43       2  0 Feb17 ?        I<     0:00  \_ [kworker/R-edac-poller]
root          44       2  0 Feb17 ?        I<     0:00  \_ [kworker/R-devfreq_wq]
root          45       2  0 Feb17 ?        S      0:00  \_ [watchdogd]
root          47       2  0 Feb17 ?        S      0:55  \_ [kswapd0]
root          48       2  0 Feb17 ?        S      0:00  \_ [ecryptfs-kthread]
root          49       2  0 Feb17 ?        I<     0:00  \_ [kworker/R-kthrotld]
root          50       2  0 Feb17 ?        I<     0:00  \_ [kworker/R-acpi_thermal_pm]
root          52       2  0 Feb17 ?        S      0:00  \_ [scsi_eh_0]
root          53       2  0 Feb17 ?        I<     0:00  \_ [kworker/R-scsi_tmf_0]
root          54       2  0 Feb17 ?        S      0:00  \_ [scsi_eh_1]
root          55       2  0 Feb17 ?        I<     0:00  \_ [kworker/R-scsi_tmf_1]
root          56       2  0 Feb17 ?        S      0:00  \_ [scsi_eh_2]
root          57       2  0 Feb17 ?        I<     0:00  \_ [kworker/R-scsi_tmf_2]
root          61       2  0 Feb17 ?        I<     0:00  \_ [kworker/R-mld]
root          62       2  0 Feb17 ?        I<     0:00  \_ [kworker/R-ipv6_addrconf]
root          69       2  0 Feb17 ?        I<     0:00  \_ [kworker/R-kstrp]
root          71       2  0 Feb17 ?        I<     0:00  \_ [kworker/u5:0]
root          76       2  0 Feb17 ?        I<     0:00  \_ [kworker/R-cryptd]
root          85       2  0 Feb17 ?        I<     0:00  \_ [kworker/R-charger_manager]
root         196       2  0 Feb17 ?        I<     0:00  \_ [kworker/R-raid5wq]
root         237       2  0 Feb17 ?        S      0:44  \_ [jbd2/sda1-8]
root         238       2  0 Feb17 ?        I<     0:00  \_ [kworker/R-ext4-rsv-conversion]
root         351       2  0 Feb17 ?        I<     0:00  \_ [kworker/R-kmpathd]
root         352       2  0 Feb17 ?        I<     0:00  \_ [kworker/R-kmpath_handlerd]
root         405       2  0 Feb17 ?        S      0:00  \_ [psimon]
root         500       2  0 Feb17 ?        S      0:00  \_ [jbd2/sda13-8]
root         501       2  0 Feb17 ?        I<     0:00  \_ [kworker/R-ext4-rsv-conversion]
root        1427       2  0 Feb17 ?        S      0:00  \_ [psimon]
root        3603       2  0 Feb17 ?        I<     0:00  \_ [kworker/R-tls-strp]
root      140713       2  0 03:00 ?        S      0:00  \_ [psimon]
root      149653       2  0 12:07 ?        I<     0:00  \_ [kworker/0:1H]
root      151360       2  0 13:49 ?        I<     0:00  \_ [kworker/0:2H-kblockd]
root      158597       2  0 21:08 ?        I      0:01  \_ [kworker/u4:2-flush-8:0]
root      159541       2  0 22:10 ?        I      0:00  \_ [kworker/u4:0-events_unbound]
root      164487       2  0 23:02 ?        I      0:00  \_ [kworker/u4:3-writeback]
root      164806       2  0 23:09 ?        I      0:00  \_ [kworker/0:2-mm_percpu_wq]
root      166141       2  0 23:29 ?        I      0:00  \_ [kworker/0:0-cgroup_destroy]
root      166225       2  0 23:32 ?        I      0:00  \_ [kworker/u4:1-events_power_efficient]
root      166473       2  0 23:37 ?        I      0:00  \_ [kworker/0:1-cgroup_destroy]
root      166544       2  0 23:39 ?        I      0:00  \_ [kworker/u4:4-events_unbound]
root           1       0  0 Feb17 ?        Ss     1:29 /sbin/init
root         324       1  0 Feb17 ?        S<s    0:48 /usr/lib/systemd/systemd-journald
root         372       1  0 Feb17 ?        SLsl   1:10 /sbin/multipathd -d -s
systemd+     378       1  0 Feb17 ?        Ssl    0:03 /usr/lib/systemd/systemd-timesyncd
systemd+     386       1  0 Feb17 ?        Ss     0:02 /usr/lib/systemd/systemd-resolved
root         387       1  0 Feb17 ?        Ss     0:01 /usr/lib/systemd/systemd-udevd
systemd+     705       1  0 Feb17 ?        Ss     0:02 /usr/lib/systemd/systemd-networkd
message+     751       1  0 Feb17 ?        Ss     0:08 @dbus-daemon --system --address=systemd: --nofork --nopidfile --systemd-activation --syslog-only
polkitd      755       1  0 Feb17 ?        Ssl    0:17 /usr/lib/polkit-1/polkitd --no-debug --log-level=notice
root         758       1  0 Feb17 ?        Ssl   12:17 /usr/sbin/qemu-ga
root         763       1  0 Feb17 ?        Ss     0:06 /usr/lib/systemd/systemd-logind
root         764       1  0 Feb17 ?        Ssl    0:11 /usr/libexec/udisks2/udisksd
root         781       1  0 Feb17 ?        Ssl    0:00 /usr/bin/python3 /usr/share/unattended-upgrades/unattended-upgrade-shutdown --wait-for-signal
syslog       804       1  0 Feb17 ?        Ssl    0:05 /usr/sbin/rsyslogd -n -iNONE
root         831       1  0 Feb17 ?        Ssl    6:02 /usr/bin/containerd
root         841       1  0 Feb17 ?        Ss     0:02 /usr/sbin/cron -f -P
root         851       1  0 Feb17 ?        Ssl    0:00 /usr/sbin/ModemManager
root         859       1  0 Feb17 ttyS0    Ss+    0:00 /sbin/agetty -o -- \u --noreset --noclear --keep-baud 115200,57600,38400,9600 - vt220
root         861       1  0 Feb17 ?        Ss     0:19 sshd: /usr/sbin/sshd -D [listener] 0 of 10-100 startups
root      166167     861  0 23:32 ?        Ss     0:00  \_ sshd-session: root [priv]
root      166223  166167  0 23:32 ?        S      0:00  |   \_ sshd-session: root@notty
root      166610     861  0 23:40 ?        Ss     0:00  \_ sshd-session: root [priv]
root      166661  166610  0 23:40 ?        S      0:00      \_ sshd-session: root@notty
root      166662  166661 99 23:40 ?        Rs     0:00          \_ ps -ef f
root         868       1  0 Feb17 tty1     Ss+    0:00 /sbin/agetty -o -- \u --noreset --noclear - linux
postgres     884       1  0 Feb17 ?        Ss     0:27 /usr/lib/postgresql/17/bin/postgres -D /var/lib/postgresql/17/main -c config_file=/etc/postgresql/17/main/postgresql.conf
postgres     908     884  0 Feb17 ?        Ss     0:00  \_ postgres: 17/main: checkpointer 
postgres     909     884  0 Feb17 ?        Ss     0:13  \_ postgres: 17/main: background writer 
postgres     967     884  0 Feb17 ?        Ss     0:11  \_ postgres: 17/main: walwriter 
postgres     968     884  0 Feb17 ?        Ss     0:05  \_ postgres: 17/main: autovacuum launcher 
postgres     972     884  0 Feb17 ?        Ss     0:00  \_ postgres: 17/main: logical replication launcher 
root         977       1  0 Feb17 ?        Ssl   23:17 /usr/bin/dockerd -H fd:// --containerd=/run/containerd/containerd.sock
root       43686     977  0 Feb20 ?        Sl     0:02  \_ /usr/bin/docker-proxy -proto tcp -host-ip 0.0.0.0 -host-port 6379 -container-ip 172.18.0.2 -container-port 6379 -use-listen-fd
root       43690     977  0 Feb20 ?        Sl     0:03  \_ /usr/bin/docker-proxy -proto tcp -host-ip :: -host-port 6379 -container-ip 172.18.0.2 -container-port 6379 -use-listen-fd
root       43712     977  0 Feb20 ?        Sl     0:02  \_ /usr/bin/docker-proxy -proto tcp -host-ip 0.0.0.0 -host-port 5433 -container-ip 172.18.0.3 -container-port 5432 -use-listen-fd
root       43716     977  0 Feb20 ?        Sl     0:02  \_ /usr/bin/docker-proxy -proto tcp -host-ip :: -host-port 5433 -container-ip 172.18.0.3 -container-port 5432 -use-listen-fd
root       43891     977  0 Feb20 ?        Sl     0:03  \_ /usr/bin/docker-proxy -proto tcp -host-ip 0.0.0.0 -host-port 3001 -container-ip 172.18.0.5 -container-port 3001 -use-listen-fd
root       43897     977  0 Feb20 ?        Sl     0:03  \_ /usr/bin/docker-proxy -proto tcp -host-ip :: -host-port 3001 -container-ip 172.18.0.5 -container-port 3001 -use-listen-fd
root        1421       1  0 Feb17 ?        Ss     0:00 /usr/lib/systemd/systemd --user
root        1422    1421  0 Feb17 ?        S      0:00  \_ (sd-pam)
root        1487       1  0 Feb17 ?        Ssl   25:04 PM2 v6.0.14: God Daemon (/root/.pm2)
root      161721    1487  0 22:33 ?        Ssl    0:16  \_ next-server (v14.2.35)
root      164627    1487  0 23:03 ?        Ssl    0:13  \_ /var/www/swanythree/backend/.venv/bin/python -m uvicorn main:app --host 127.0.0.1 --port 8000
root        3434       1  0 Feb17 ?        Ssl    1:08 /usr/libexec/fwupd/fwupd
root       43583       1  0 Feb20 ?        Sl     1:47 /usr/bin/containerd-shim-runc-v2 -namespace moby -id 650052c93275d5802489ccf3fec2b3f9c759de1bf05b730aea97f1159f7b1201 -address /run/containerd/containerd.sock
999        43632   43583  0 Feb20 ?        Ssl   52:34  \_ redis-server *:6379
root       43593       1  0 Feb20 ?        Sl     1:44 /usr/bin/containerd-shim-runc-v2 -namespace moby -id 991bd501ea7040ddef101bf679327f494c41163e5e53ba5d862ef0b3c1019334 -address /run/containerd/containerd.sock
70         43639   43593  0 Feb20 ?        Ss     0:15  \_ postgres
70         44019   43639  0 Feb20 ?        Ss     0:00      \_ postgres: checkpointer 
70         44020   43639  0 Feb20 ?        Ss     0:11      \_ postgres: background writer 
70         44022   43639  0 Feb20 ?        Ss     0:08      \_ postgres: walwriter 
70         44023   43639  0 Feb20 ?        Ss     0:03      \_ postgres: autovacuum launcher 
70         44024   43639  0 Feb20 ?        Ss     0:00      \_ postgres: logical replication launcher 
root       43773       1  0 Feb20 ?        Sl     2:23 /usr/bin/containerd-shim-runc-v2 -namespace moby -id c4e77721cbecc76a54f48af97c9f1df58e31bb9068b71bf66594fc1bd17896d7 -address /run/containerd/containerd.sock
root       43832   43773  0 Feb20 ?        Ssl    0:00  \_ npm run worker
root       43935   43832  0 Feb20 ?        Sl     0:00      \_ node /app/node_modules/.bin/tsx server/worker.ts
root       43957   43935  0 Feb20 ?        Sl    11:43          \_ /usr/local/bin/node --require /app/node_modules/tsx/dist/preflight.cjs --import file:///app/node_modules/tsx/dist/loader.mjs server/worker.ts
root       43989   43957  0 Feb20 ?        Sl     3:24              \_ /app/node_modules/@esbuild/linux-x64/bin/esbuild --service=0.27.2 --ping
root       44009   43957  0 Feb20 ?        Sl     3:27              \_ /app/node_modules/@esbuild/linux-x64/bin/esbuild --service=0.27.2 --ping
root       43777       1  0 Feb20 ?        Sl     2:26 /usr/bin/containerd-shim-runc-v2 -namespace moby -id 174c7e325a7d31555b6b217011c5b23d3195624f44a42b63e321f689f5c6bfe9 -address /run/containerd/containerd.sock
root       43838   43777  0 Feb20 ?        Ssl    0:00  \_ npm run server
root       43936   43838  0 Feb20 ?        Sl     0:00      \_ node /app/node_modules/.bin/tsx server/index.ts
root       43958   43936  0 Feb20 ?        Sl     8:40          \_ /usr/local/bin/node --require /app/node_modules/tsx/dist/preflight.cjs --import file:///app/node_modules/tsx/dist/loader.mjs server/index.ts
root       43988   43958  0 Feb20 ?        Sl     3:24              \_ /app/node_modules/@esbuild/linux-x64/bin/esbuild --service=0.27.2 --ping
root       44013   43958  0 Feb20 ?        Sl     3:18              \_ /app/node_modules/@esbuild/linux-x64/bin/esbuild --service=0.27.2 --ping
root      164047       1  0 22:57 ?        Ss     0:00 nginx: master process /usr/sbin/nginx -g daemon on; master_process on;
www-data  164048  164047  0 22:57 ?        S      0:00  \_ nginx: worker process
